<?xml version="1.0" encoding="UTF-8"?>
<!-- Generated by org.testng.reporters.JUnitReportReporter -->
<testsuite hostname="LAPTOP-UNPNO2TU" failures="0" tests="1" name="com.naveenautomation.tests.GiftCertificatePageTest" time="5.829" errors="0" timestamp="2024-02-26T18:48:53 EST" skipped="0">
  <testcase classname="com.naveenautomation.tests.GiftCertificatePageTest" name="validateGiftCertificateBtnClickTest" time="5.829"/>
  <system-out/>
</testsuite> <!-- com.naveenautomation.tests.GiftCertificatePageTest -->
