<?xml version="1.0" encoding="UTF-8"?>
<!-- Generated by org.testng.reporters.JUnitReportReporter -->
<testsuite hostname="LAPTOP-UNPNO2TU" failures="0" tests="2" name="com.naveenautomation.tests.ContactUsPageTest" time="15.851" errors="0" timestamp="2024-02-26T18:48:53 EST" skipped="0">
  <testcase classname="com.naveenautomation.tests.ContactUsPageTest" name="validateSubmitContactDetails" time="6.938"/>
  <system-out/>
  <testcase classname="com.naveenautomation.tests.ContactUsPageTest" name="validateContactBtnClickTest" time="8.913"/>
  <system-out/>
</testsuite> <!-- com.naveenautomation.tests.ContactUsPageTest -->
