<?xml version="1.0" encoding="UTF-8"?>
<!-- Generated by org.testng.reporters.JUnitReportReporter -->
<testsuite hostname="LAPTOP-UNPNO2TU" failures="0" tests="1" name="com.naveenautomation.tests.MyAccountPageTest" time="5.357" errors="0" timestamp="2024-02-26T18:48:53 EST" skipped="0">
  <testcase classname="com.naveenautomation.tests.MyAccountPageTest" name="validateAccountRegistrationTest" time="5.357"/>
  <system-out/>
</testsuite> <!-- com.naveenautomation.tests.MyAccountPageTest -->
